0 info it worked if it ends with ok
1 verbose cli [ '/usr/local/bin/node',
1 verbose cli   '/usr/local/bin/npm',
1 verbose cli   'build',
1 verbose cli   'angular' ]
2 info using npm@3.9.5
3 info using node@v6.2.2
4 info build /Users/developer/angular/angular/angular
5 verbose stack Error: ENOENT: no such file or directory, open '/Users/developer/angular/angular/angular/package.json'
5 verbose stack     at Error (native)
6 verbose cwd /Users/developer/angular/angular
7 error Darwin 15.3.0
8 error argv "/usr/local/bin/node" "/usr/local/bin/npm" "build" "angular"
9 error node v6.2.2
10 error npm  v3.9.5
11 error path /Users/developer/angular/angular/angular/package.json
12 error code ENOENT
13 error errno -2
14 error syscall open
15 error enoent ENOENT: no such file or directory, open '/Users/developer/angular/angular/angular/package.json'
16 error enoent ENOENT: no such file or directory, open '/Users/developer/angular/angular/angular/package.json'
16 error enoent This is most likely not a problem with npm itself
16 error enoent and is related to npm not being able to find a file.
17 verbose exit [ -2, true ]
